<?xml version="1.0" encoding="UTF-8"?>
<!-- Generated by org.testng.reporters.JUnitReportReporter -->
<testsuite skipped="0" hostname="Biplab" name="factory.test.MegaBusTest" tests="1" failures="0" timestamp="2020-04-27T23:57:13 CDT" time="58.766" errors="0">
  <testcase name="registrationPF" time="58.766" classname="factory.test.MegaBusTest"/>
</testsuite> <!-- factory.test.MegaBusTest -->
